C51 COMPILER V9.60.0.0   12_LCD_ARRAYDISPLAY                                               05/03/2020 19:08:08 PAGE 1   


C51 COMPILER V9.60.0.0, COMPILATION OF MODULE 12_LCD_ARRAYDISPLAY
OBJECT MODULE PLACED IN .\Objects\12_LCD_ArrayDisplay.obj
COMPILER INVOKED BY: C:\Keil_v5\C51\BIN\C51.EXE 12_LCD_ArrayDisplay.c OPTIMIZE(8,SPEED) BROWSE DEBUG OBJECTEXTEND PRINT(
                    -.\Listings\12_LCD_ArrayDisplay.lst) TABS(2) OBJECT(.\Objects\12_LCD_ArrayDisplay.obj)

line level    source

   1          #include<reg51.h>
   2          
   3          #define ldata P2
   4          sbit rs = P3^0;
   5          sbit rw = P3^1;
   6          sbit en = P3^2;
   7          
   8          void lcdcmd(unsigned char value);
   9          void lcddata(unsigned char value);
  10          void MSDelay(unsigned int itime);
  11          
  12          
  13          void lcdcmd(unsigned char value)
  14            {
  15   1          ldata = value;
  16   1          rs =  0;
  17   1          rw = 0;
  18   1          en = 1;
  19   1          MSDelay(1);
  20   1          en = 0;
  21   1          return;
  22   1        }
  23          void lcddata(unsigned char value)
  24            {
  25   1          ldata = value;
  26   1          rs =  1;
  27   1          rw = 0;
  28   1          en = 1;
  29   1          MSDelay(1);
  30   1          en = 0;
  31   1          return;
  32   1        }
  33          void MSDelay(unsigned int itime)
  34            {
  35   1          unsigned  int i,j;
  36   1          for(i=0;i<itime;i++)
  37   1            for(j=0;j<1275;j++);
  38   1        }
  39          
  40          void LCD_Message (unsigned char *c) /* Send string to LCD function */
  41          {
  42   1        int n;
  43   1        for(n=0;c[n]!=0;n++)  /* Send each char of string till the NULL */
  44   1        {
  45   2          lcddata(c[n]);  /* Call LCD data write */
  46   2        }
  47   1      }
  48          
  49          void LCD_String_xy (char row, char pos, char *x)  /* Send string to LCD function */
  50          {
  51   1        if (row == 0)
  52   1        lcdcmd((pos & 0x0F)|0x80);
  53   1        else if (row == 1)
  54   1        lcdcmd((pos & 0x0F)|0xC0);
C51 COMPILER V9.60.0.0   12_LCD_ARRAYDISPLAY                                               05/03/2020 19:08:08 PAGE 2   

  55   1        LCD_Message(x); /* Call LCD string function */
  56   1      }
  57          
  58          void LCD_Init (void)    /* LCD Initialize function */
  59          { 
  60   1        MSDelay(20);    /* LCD Power ON Initialization time >15ms */
  61   1        lcdcmd(0x38); /* Initialization of 16X2 LCD in 8bit mode */
  62   1        lcdcmd(0x0C); /* Display ON Cursor OFF */
  63   1        lcdcmd(0x06); /* Auto Increment cursor */
  64   1        lcdcmd(0x01); /* clear display */
  65   1        lcdcmd(0x80); /* cursor at home position */
  66   1      }
  67          
  68          void main()
  69          {
  70   1      
  71   1        LCD_Init();   /* initialization of LCD*/
  72   1      
  73   1        LCD_Message("Plant trees...");  /* write string on 1st line of LCD*/
  74   1        lcdcmd(0xC0);
  75   1        LCD_Message("Save water...");  /*write string on 2nd line*/
  76   1      
  77   1        while(1);   /* Infinite loop. */
  78   1        
  79   1      }
  80           


MODULE INFORMATION:   STATIC OVERLAYABLE
   CODE SIZE        =    220    ----
   CONSTANT SIZE    =     29    ----
   XDATA SIZE       =   ----    ----
   PDATA SIZE       =   ----    ----
   DATA SIZE        =   ----      10
   IDATA SIZE       =   ----    ----
   BIT SIZE         =   ----    ----
END OF MODULE INFORMATION.


C51 COMPILATION COMPLETE.  0 WARNING(S),  0 ERROR(S)
